Using pre-set license
Built from '2022.3/release' branch; Version is '2022.3.0f1 (fb119bb0b476) revision 16454043'; Using compiler version '192829333'; Build Type 'Release'
OS: 'Windows 10  (10.0.19044) 64bit Core' Language: 'tr' Physical Memory: 16333 MB
BatchMode: 1, IsHumanControllingUs: 0, StartBugReporterOnCrash: 0, Is64bit: 1, IsPro: 1

COMMAND LINE ARGUMENTS:
C:\Program Files\Unity\Hub\Editor\2022.3.0f1\Editor\Unity.exe
-adb2
-batchMode
-noUpm
-name
AssetImportWorker0
-projectPath
C:/Users/pc/Documents/GitHub/CherryChaser/My project
-logFile
Logs/AssetImportWorker0.log
-srvPort
61999
Successfully changed project path to: C:/Users/pc/Documents/GitHub/CherryChaser/My project
C:/Users/pc/Documents/GitHub/CherryChaser/My project
[UnityMemory] Configuration Parameters - Can be set up in boot.config
    "memorysetup-bucket-allocator-granularity=16"
    "memorysetup-bucket-allocator-bucket-count=8"
    "memorysetup-bucket-allocator-block-size=33554432"
    "memorysetup-bucket-allocator-block-count=8"
    "memorysetup-main-allocator-block-size=16777216"
    "memorysetup-thread-allocator-block-size=16777216"
    "memorysetup-gfx-main-allocator-block-size=16777216"
    "memorysetup-gfx-thread-allocator-block-size=16777216"
    "memorysetup-cache-allocator-block-size=4194304"
    "memorysetup-typetree-allocator-block-size=2097152"
    "memorysetup-profiler-bucket-allocator-granularity=16"
    "memorysetup-profiler-bucket-allocator-bucket-count=8"
    "memorysetup-profiler-bucket-allocator-block-size=33554432"
    "memorysetup-profiler-bucket-allocator-block-count=8"
    "memorysetup-profiler-allocator-block-size=16777216"
    "memorysetup-profiler-editor-allocator-block-size=1048576"
    "memorysetup-temp-allocator-size-main=16777216"
    "memorysetup-job-temp-allocator-block-size=2097152"
    "memorysetup-job-temp-allocator-block-size-background=1048576"
    "memorysetup-job-temp-allocator-reduction-small-platforms=262144"
    "memorysetup-allocator-temp-initial-block-size-main=262144"
    "memorysetup-allocator-temp-initial-block-size-worker=262144"
    "memorysetup-temp-allocator-size-background-worker=32768"
    "memorysetup-temp-allocator-size-job-worker=262144"
    "memorysetup-temp-allocator-size-preload-manager=33554432"
    "memorysetup-temp-allocator-size-nav-mesh-worker=65536"
    "memorysetup-temp-allocator-size-audio-worker=65536"
    "memorysetup-temp-allocator-size-cloud-worker=32768"
    "memorysetup-temp-allocator-size-gi-baking-worker=262144"
    "memorysetup-temp-allocator-size-gfx=262144"
Player connection [10052] Host "[IP] 192.168.1.102 [Port] 0 [Flags] 2 [Guid] 699333445 [EditorId] 699333445 [Version] 1048832 [Id] WindowsEditor(7,DESKTOP-1U56LCS) [Debug] 1 [PackageName] WindowsEditor [ProjectName] Editor" joined multi-casting on [225.0.0.222:54997]...

Player connection [10052] Host "[IP] 192.168.1.102 [Port] 0 [Flags] 2 [Guid] 699333445 [EditorId] 699333445 [Version] 1048832 [Id] WindowsEditor(7,DESKTOP-1U56LCS) [Debug] 1 [PackageName] WindowsEditor [ProjectName] Editor" joined alternative multi-casting on [225.0.0.222:34997]...

Refreshing native plugins compatible for Editor in 16.61 ms, found 2 plugins.
Preloading 0 native plugins for Editor in 0.00 ms.
Initialize engine version: 2022.3.0f1 (fb119bb0b476)
[Subsystems] Discovering subsystems at path C:/Program Files/Unity/Hub/Editor/2022.3.0f1/Editor/Data/Resources/UnitySubsystems
[Subsystems] Discovering subsystems at path C:/Users/pc/Documents/GitHub/CherryChaser/My project/Assets
GfxDevice: creating device client; threaded=0; jobified=0
Direct3D:
    Version:  Direct3D 11.0 [level 11.1]
    Renderer: NVIDIA GeForce RTX 2060 (ID=0x1e89)
    Vendor:   NVIDIA
    VRAM:     5958 MB
    Driver:   31.0.15.3623
Initialize mono
Mono path[0] = 'C:/Program Files/Unity/Hub/Editor/2022.3.0f1/Editor/Data/Managed'
Mono path[1] = 'C:/Program Files/Unity/Hub/Editor/2022.3.0f1/Editor/Data/MonoBleedingEdge/lib/mono/unityjit-win32'
Mono config path = 'C:/Program Files/Unity/Hub/Editor/2022.3.0f1/Editor/Data/MonoBleedingEdge/etc'
Using monoOptions --debugger-agent=transport=dt_socket,embedding=1,server=y,suspend=n,address=127.0.0.1:56024
Begin MonoManager ReloadAssembly
Registering precompiled unity dll's ...
Register platform support module: C:/Program Files/Unity/Hub/Editor/2022.3.0f1/Editor/Data/PlaybackEngines/WebGLSupport/UnityEditor.WebGL.Extensions.dll
Register platform support module: C:/Program Files/Unity/Hub/Editor/2022.3.0f1/Editor/Data/PlaybackEngines/WindowsStandaloneSupport/UnityEditor.WindowsStandalone.Extensions.dll
Registered in 0.011242 seconds.
- Loaded All Assemblies, in  0.345 seconds
Native extension for WindowsStandalone target not found
Native extension for WebGL target not found
Mono: successfully reloaded assembly
- Finished resetting the current domain, in  0.263 seconds
Domain Reload Profiling: 605ms
	BeginReloadAssembly (86ms)
		ExecutionOrderSort (0ms)
		DisableScriptedObjects (0ms)
		BackupInstance (0ms)
		ReleaseScriptingObjects (0ms)
		CreateAndSetChildDomain (1ms)
	RebuildCommonClasses (36ms)
	RebuildNativeTypeToScriptingClass (13ms)
	initialDomainReloadingComplete (66ms)
	LoadAllAssembliesAndSetupDomain (142ms)
		LoadAssemblies (83ms)
		RebuildTransferFunctionScriptingTraits (0ms)
		AnalyzeDomain (135ms)
			TypeCache.Refresh (134ms)
				TypeCache.ScanAssembly (124ms)
			ScanForSourceGeneratedMonoScriptInfo (0ms)
			ResolveRequiredComponents (0ms)
	FinalizeReload (264ms)
		ReleaseScriptCaches (0ms)
		RebuildScriptCaches (0ms)
		SetupLoadedEditorAssemblies (206ms)
			LogAssemblyErrors (0ms)
			InitializePlatformSupportModulesInManaged (12ms)
			SetLoadedEditorAssemblies (5ms)
			RefreshPlugins (0ms)
			BeforeProcessingInitializeOnLoad (2ms)
			ProcessInitializeOnLoadAttributes (140ms)
			ProcessInitializeOnLoadMethodAttributes (46ms)
			AfterProcessingInitializeOnLoad (0ms)
			EditorAssembliesLoaded (0ms)
		ExecutionOrderSort2 (0ms)
		AwakeInstancesAfterBackupRestoration (0ms)
========================================================================
Worker process is ready to serve import requests
Begin MonoManager ReloadAssembly
Symbol file LoadedFromMemory is not a mono symbol file
- Loaded All Assemblies, in  0.702 seconds
Refreshing native plugins compatible for Editor in 9.54 ms, found 2 plugins.
Native extension for WindowsStandalone target not found
Native extension for WebGL target not found
Mono: successfully reloaded assembly
- Finished resetting the current domain, in  0.591 seconds
Domain Reload Profiling: 1287ms
	BeginReloadAssembly (131ms)
		ExecutionOrderSort (0ms)
		DisableScriptedObjects (5ms)
		BackupInstance (0ms)
		ReleaseScriptingObjects (0ms)
		CreateAndSetChildDomain (21ms)
	RebuildCommonClasses (43ms)
	RebuildNativeTypeToScriptingClass (12ms)
	initialDomainReloadingComplete (44ms)
	LoadAllAssembliesAndSetupDomain (467ms)
		LoadAssemblies (295ms)
		RebuildTransferFunctionScriptingTraits (0ms)
		AnalyzeDomain (228ms)
			TypeCache.Refresh (208ms)
				TypeCache.ScanAssembly (194ms)
			ScanForSourceGeneratedMonoScriptInfo (17ms)
			ResolveRequiredComponents (3ms)
	FinalizeReload (592ms)
		ReleaseScriptCaches (0ms)
		RebuildScriptCaches (0ms)
		SetupLoadedEditorAssemblies (445ms)
			LogAssemblyErrors (0ms)
			InitializePlatformSupportModulesInManaged (8ms)
			SetLoadedEditorAssemblies (3ms)
			RefreshPlugins (0ms)
			BeforeProcessingInitializeOnLoad (67ms)
			ProcessInitializeOnLoadAttributes (221ms)
			ProcessInitializeOnLoadMethodAttributes (137ms)
			AfterProcessingInitializeOnLoad (10ms)
			EditorAssembliesLoaded (0ms)
		ExecutionOrderSort2 (0ms)
		AwakeInstancesAfterBackupRestoration (7ms)
Launched and connected shader compiler UnityShaderCompiler.exe after 0.04 seconds
Refreshing native plugins compatible for Editor in 10.80 ms, found 2 plugins.
Preloading 0 native plugins for Editor in 0.00 ms.
Unloading 2409 Unused Serialized files (Serialized files now loaded: 0)
Unloading 61 unused Assets / (68.1 KB). Loaded Objects now: 2899.
Memory consumption went from 116.4 MB to 116.4 MB.
Total: 6.932000 ms (FindLiveObjects: 0.420200 ms CreateObjectMapping: 0.101100 ms MarkObjects: 6.232100 ms  DeleteObjects: 0.177100 ms)

AssetImportParameters requested are different than current active one (requested -> active):
  custom:video-decoder-webm-vp8: 9c59270c3fd7afecdb556c50c9e8de78 -> 
  custom:container-demuxer-ogg: 62fdf1f143b41e24485cea50d1cbac27 -> 
  custom:AudioImporter_EditorPlatform: d09bf68614088b80899f8185d706f6e7 -> 
  custom:video-decoder-ogg-theora: a1e56fd34408186e4bbccfd4996cb3dc -> 
  custom:framework-win-MediaFoundation: 216162199b28c13a410421893ffa2e32 -> 
  custom:video-encoder-webm-vp8: eb34c28f22e8b96e1ab97ce403110664 -> 
  custom:audio-decoder-ogg-vorbis: bf7c407c2cedff20999df2af8eb42d56 -> 
  custom:container-demuxer-webm: 4f35f7cbe854078d1ac9338744f61a02 -> 
  custom:audio-encoder-webm-vorbis: bf7c407c2cedff20999df2af8eb42d56 -> 
  custom:container-muxer-webm: aa71ff27fc2769a1b78a27578f13a17b -> 
========================================================================
Received Import Request.
  Time since last request: 348.068968 seconds.
  path: Assets/Scripts/FishNet
  artifactKey: Guid(eac80912a43d4514a9acd06284813675) Importer(815301076,1909f56bfc062723c751e8b465ee728b)
Start importing Assets/Scripts/FishNet using Guid(eac80912a43d4514a9acd06284813675) Importer(815301076,1909f56bfc062723c751e8b465ee728b)  -> (artifact id: 'e8449f7bb87cd507020aa13cd33c5265') in 0.002966 seconds
Number of updated asset objects reloaded before import = 0
Number of asset objects unloaded after import = 0
========================================================================
Received Import Request.
  Time since last request: 0.000015 seconds.
  path: Assets/Scripts
  artifactKey: Guid(70078ee59bb5f64449472b11b9d37a73) Importer(815301076,1909f56bfc062723c751e8b465ee728b)
Start importing Assets/Scripts using Guid(70078ee59bb5f64449472b11b9d37a73) Importer(815301076,1909f56bfc062723c751e8b465ee728b)  -> (artifact id: '2756b9852786803f77a4be777293815e') in 0.000458 seconds
Number of updated asset objects reloaded before import = 0
Number of asset objects unloaded after import = 0
========================================================================
Received Import Request.
  Time since last request: 0.000057 seconds.
  path: Assets/Photon
  artifactKey: Guid(e1831a369e44229429338c21cd60e8c1) Importer(815301076,1909f56bfc062723c751e8b465ee728b)
Start importing Assets/Photon using Guid(e1831a369e44229429338c21cd60e8c1) Importer(815301076,1909f56bfc062723c751e8b465ee728b)  -> (artifact id: '3a1b800f3a7c3c095c4b1f6a366e0060') in 0.000251 seconds
Number of updated asset objects reloaded before import = 0
Number of asset objects unloaded after import = 0
========================================================================
Received Import Request.
  Time since last request: 8.502428 seconds.
  path: Assets/Environment
  artifactKey: Guid(0e6a2054d87e36147942a483a8b2e71d) Importer(815301076,1909f56bfc062723c751e8b465ee728b)
Start importing Assets/Environment using Guid(0e6a2054d87e36147942a483a8b2e71d) Importer(815301076,1909f56bfc062723c751e8b465ee728b)  -> (artifact id: '12fa95ebe65d2a117bc02d7f8039f4b0') in 0.000498 seconds
Number of updated asset objects reloaded before import = 0
Number of asset objects unloaded after import = 0
========================================================================
Received Import Request.
  Time since last request: 0.694928 seconds.
  path: Assets/Environment/Textures
  artifactKey: Guid(646c6f90fc87b834cabfe8bc7fe2db55) Importer(815301076,1909f56bfc062723c751e8b465ee728b)
Start importing Assets/Environment/Textures using Guid(646c6f90fc87b834cabfe8bc7fe2db55) Importer(815301076,1909f56bfc062723c751e8b465ee728b)  -> (artifact id: 'e6c9491a073ac03e4f3a4293a968023f') in 0.000490 seconds
Number of updated asset objects reloaded before import = 0
Number of asset objects unloaded after import = 0
========================================================================
Received Import Request.
  Time since last request: 2.748428 seconds.
  path: Assets/Resources
  artifactKey: Guid(7d1b7ac64444a41648bb653e633a03f2) Importer(815301076,1909f56bfc062723c751e8b465ee728b)
Start importing Assets/Resources using Guid(7d1b7ac64444a41648bb653e633a03f2) Importer(815301076,1909f56bfc062723c751e8b465ee728b)  -> (artifact id: '64eaaae886eab2c81dbeb568d7928d47') in 0.000479 seconds
Number of updated asset objects reloaded before import = 0
Number of asset objects unloaded after import = 0
========================================================================
Received Import Request.
  Time since last request: 9.884809 seconds.
  path: Assets/Environment/Textures/Texture_Me
  artifactKey: Guid(24711e103040cb74d99ecde5773270ba) Importer(815301076,1909f56bfc062723c751e8b465ee728b)
Start importing Assets/Environment/Textures/Texture_Me using Guid(24711e103040cb74d99ecde5773270ba) Importer(815301076,1909f56bfc062723c751e8b465ee728b)  -> (artifact id: 'f9072c1832605d70bbe7065a4d89ab61') in 0.000623 seconds
Number of updated asset objects reloaded before import = 0
Number of asset objects unloaded after import = 0
========================================================================
Received Import Request.
  Time since last request: 0.503943 seconds.
  path: Assets/Environment/Textures/Texture_Me/Grass Forest Twilight - Free 'Texture A' (Hand-Painted)
  artifactKey: Guid(8bf95d5999576354da4b060fdb8acf78) Importer(815301076,1909f56bfc062723c751e8b465ee728b)
Start importing Assets/Environment/Textures/Texture_Me/Grass Forest Twilight - Free 'Texture A' (Hand-Painted) using Guid(8bf95d5999576354da4b060fdb8acf78) Importer(815301076,1909f56bfc062723c751e8b465ee728b)  -> (artifact id: '66d26ebc51bf45d0c3247d635faf72c1') in 0.000493 seconds
Number of updated asset objects reloaded before import = 0
Number of asset objects unloaded after import = 0
========================================================================
Received Import Request.
  Time since last request: 2.208012 seconds.
  path: Assets/Photon/PhotonLibs
  artifactKey: Guid(144274eaa4d02d54fb2817918b3c297c) Importer(815301076,1909f56bfc062723c751e8b465ee728b)
Start importing Assets/Photon/PhotonLibs using Guid(144274eaa4d02d54fb2817918b3c297c) Importer(815301076,1909f56bfc062723c751e8b465ee728b)  -> (artifact id: '9792a1d05ede01d68955f72505ee8966') in 0.000504 seconds
Number of updated asset objects reloaded before import = 0
Number of asset objects unloaded after import = 0
========================================================================
Received Import Request.
  Time since last request: 0.801575 seconds.
  path: Assets/Photon/PhotonLibs/Metro
  artifactKey: Guid(f6adf2a22988dbf4696ffa2d8ee69a56) Importer(815301076,1909f56bfc062723c751e8b465ee728b)
Start importing Assets/Photon/PhotonLibs/Metro using Guid(f6adf2a22988dbf4696ffa2d8ee69a56) Importer(815301076,1909f56bfc062723c751e8b465ee728b)  -> (artifact id: '9e3236a1ff32fbb0fd20577d45bf2194') in 0.000449 seconds
Number of updated asset objects reloaded before import = 0
Number of asset objects unloaded after import = 0
========================================================================
Received Import Request.
  Time since last request: 1.281827 seconds.
  path: Assets/Photon/PhotonLibs/netstandard2.0
  artifactKey: Guid(388cb69be37daef45b4d8c7f2c21c319) Importer(815301076,1909f56bfc062723c751e8b465ee728b)
Start importing Assets/Photon/PhotonLibs/netstandard2.0 using Guid(388cb69be37daef45b4d8c7f2c21c319) Importer(815301076,1909f56bfc062723c751e8b465ee728b)  -> (artifact id: '5d16e70af580d111b191b01b49e422c1') in 0.000496 seconds
Number of updated asset objects reloaded before import = 0
Number of asset objects unloaded after import = 0
========================================================================
Received Import Request.
  Time since last request: 8.037930 seconds.
  path: Assets/Scripts/FishNet/CodeGenerating
  artifactKey: Guid(80f45213745155e45bddb00b4e72873e) Importer(815301076,1909f56bfc062723c751e8b465ee728b)
Start importing Assets/Scripts/FishNet/CodeGenerating using Guid(80f45213745155e45bddb00b4e72873e) Importer(815301076,1909f56bfc062723c751e8b465ee728b)  -> (artifact id: 'e240c1e775104fb6af62a7c52a975a33') in 0.000597 seconds
Number of updated asset objects reloaded before import = 0
Number of asset objects unloaded after import = 0
========================================================================
Received Import Request.
  Time since last request: 0.932023 seconds.
  path: Assets/Scripts/FishNet/CodeGenerating/cecil-0.11.4
  artifactKey: Guid(fd33e71aa62f45948aa338a50968118b) Importer(815301076,1909f56bfc062723c751e8b465ee728b)
Start importing Assets/Scripts/FishNet/CodeGenerating/cecil-0.11.4 using Guid(fd33e71aa62f45948aa338a50968118b) Importer(815301076,1909f56bfc062723c751e8b465ee728b)  -> (artifact id: 'edf15a7796d3099cb1a5e1203e79f1af') in 0.000543 seconds
Number of updated asset objects reloaded before import = 0
Number of asset objects unloaded after import = 0
